<?xml version="1.0" encoding="UTF-8"?>
<!-- Generated by org.testng.reporters.JUnitReportReporter -->
<testsuite skipped="0" hostname="DESKTOP-SU3JC61" name="homepracticetestng01062020.Sample2" tests="3" failures="0" timestamp="2020-06-01T12:05:45 IST" time="0.019" errors="0">
  <testcase name="CC" time="0.005" classname="homepracticetestng01062020.Sample2"/>
  <system-out/>
  <testcase name="AA" time="0.012" classname="homepracticetestng01062020.Sample2"/>
  <system-out/>
  <testcase name="BB" time="0.002" classname="homepracticetestng01062020.Sample2"/>
  <system-out/>
</testsuite> <!-- homepracticetestng01062020.Sample2 -->
