<?xml version="1.0" encoding="UTF-8"?>
<!-- Generated by org.testng.reporters.JUnitReportReporter -->
<testsuite skipped="0" hostname="DESKTOP-SU3JC61" name="MorningBatchBatchExecution.CreateCustomer" tests="1" failures="0" timestamp="2020-04-07T13:24:07 IST" time="11.426" errors="0">
  <testcase name="testCreateCustomer" time="11.426" classname="MorningBatchBatchExecution.CreateCustomer"/>
  <system-out/>
</testsuite> <!-- MorningBatchBatchExecution.CreateCustomer -->
