<?xml version="1.0" encoding="UTF-8"?>
<!-- Generated by org.testng.reporters.JUnitReportReporter -->
<testsuite skipped="0" hostname="DESKTOP-SU3JC61" name="DataDrivenProjectCreation.ProjectCreation" tests="1" failures="0" timestamp="2020-04-15T21:48:20 IST" time="9.557" errors="0">
  <testcase name="projectCreation" time="9.557" classname="DataDrivenProjectCreation.ProjectCreation"/>
  <system-out/>
</testsuite> <!-- DataDrivenProjectCreation.ProjectCreation -->
