<?xml version="1.0" encoding="UTF-8"?>
<!-- Generated by org.testng.reporters.JUnitReportReporter -->
<testsuite skipped="0" hostname="DESKTOP-SU3JC61" name="com.homeppracticebatchexe05062020.Customer" tests="1" failures="0" timestamp="2020-06-07T14:50:06 IST" time="2.783" errors="0">
  <testcase name="customer" time="2.783" classname="com.homeppracticebatchexe05062020.Customer"/>
  <system-out/>
</testsuite> <!-- com.homeppracticebatchexe05062020.Customer -->
