<?xml version="1.0" encoding="UTF-8"?>
<!-- Generated by org.testng.reporters.JUnitReportReporter -->
<testsuite skipped="0" hostname="DESKTOP-SU3JC61" name="com.realtimeexamples.Flipkart12" tests="1" failures="0" timestamp="2020-09-01T21:07:34 IST" time="18.958" errors="0">
  <testcase name="flipkart12" time="18.958" classname="com.realtimeexamples.Flipkart12"/>
  <system-out/>
</testsuite> <!-- com.realtimeexamples.Flipkart12 -->
