<?xml version="1.0" encoding="UTF-8"?>
<!-- Generated by org.testng.reporters.JUnitReportReporter -->
<testsuite skipped="0" hostname="DESKTOP-SU3JC61" name="com.testngpractice.Homepagetest" tests="3" failures="0" timestamp="2020-12-25T13:08:14 IST" time="5.009" errors="0">
  <testcase name="titletest" time="0.724" classname="com.testngpractice.Homepagetest"/>
  <system-out/>
  <testcase name="logotest" time="3.221" classname="com.testngpractice.Homepagetest"/>
  <system-out/>
  <testcase name="texttest" time="1.064" classname="com.testngpractice.Homepagetest"/>
  <system-out/>
</testsuite> <!-- com.testngpractice.Homepagetest -->
