<?xml version="1.0" encoding="UTF-8"?>
<!-- Generated by org.testng.reporters.JUnitReportReporter -->
<testsuite skipped="0" hostname="DESKTOP-SU3JC61" name="homepracticetestng01062020.CreateCustomerAtng2" tests="1" failures="0" timestamp="2020-06-01T16:23:08 IST" time="0.016" errors="0">
  <testcase name="createcustomer" time="0.016" classname="homepracticetestng01062020.CreateCustomerAtng2"/>
  <system-out/>
</testsuite> <!-- homepracticetestng01062020.CreateCustomerAtng2 -->
