<?xml version="1.0" encoding="UTF-8"?>
<!-- Generated by org.testng.reporters.JUnitReportReporter -->
<testsuite skipped="0" hostname="DESKTOP-SU3JC61" name="com.testngpractice.FirsttestNg" tests="2" failures="0" timestamp="2020-12-25T13:08:14 IST" time="0.012" errors="0">
  <testcase name="framework" time="0.008" classname="com.testngpractice.FirsttestNg"/>
  <system-out/>
  <testcase name="framework1" time="0.004" classname="com.testngpractice.FirsttestNg"/>
  <system-out/>
</testsuite> <!-- com.testngpractice.FirsttestNg -->
