<?xml version="1.0" encoding="UTF-8"?>
<!-- Generated by org.testng.reporters.JUnitReportReporter -->
<testsuite skipped="0" hostname="DESKTOP-SU3JC61" name="com.MorningbatchTestNG.Sample" tests="1" failures="0" timestamp="2020-04-06T20:31:29 IST" time="0.021" errors="0">
  <testcase name="testsample" time="0.021" classname="com.MorningbatchTestNG.Sample"/>
  <system-out/>
</testsuite> <!-- com.MorningbatchTestNG.Sample -->
