<?xml version="1.0" encoding="UTF-8"?>
<!-- Generated by org.testng.reporters.JUnitReportReporter -->
<testsuite skipped="0" hostname="DESKTOP-SU3JC61" name="DataDrivenCreatBill.CreateBill" tests="1" failures="0" timestamp="2020-04-17T13:09:45 IST" time="15.375" errors="0">
  <testcase name="creatbill" time="15.375" classname="DataDrivenCreatBill.CreateBill"/>
  <system-out/>
</testsuite> <!-- DataDrivenCreatBill.CreateBill -->
