<?xml version="1.0" encoding="UTF-8"?>
<!-- Generated by org.testng.reporters.JUnitReportReporter -->
<testsuite skipped="0" hostname="DESKTOP-SU3JC61" name="MorningBatchBatchExecution.Loginlogout" tests="1" failures="0" timestamp="2020-04-07T13:24:07 IST" time="12.522" errors="0">
  <testcase name="testLoginLogout" time="12.522" classname="MorningBatchBatchExecution.Loginlogout"/>
  <system-out/>
</testsuite> <!-- MorningBatchBatchExecution.Loginlogout -->
