<?xml version="1.0" encoding="UTF-8"?>
<!-- Generated by org.testng.reporters.JUnitReportReporter -->
<testsuite skipped="0" hostname="DESKTOP-SU3JC61" name="com.realtimeexamples.Flipkart" tests="1" failures="0" timestamp="2020-08-26T21:25:49 IST" time="23.640" errors="0">
  <testcase name="flipkart" time="23.640" classname="com.realtimeexamples.Flipkart"/>
  <system-out/>
</testsuite> <!-- com.realtimeexamples.Flipkart -->
