<?xml version="1.0" encoding="UTF-8"?>
<!-- Generated by org.testng.reporters.JUnitReportReporter -->
<testsuite skipped="0" hostname="DESKTOP-SU3JC61" name="homepracticetestng01062020.Createprojecttng1" tests="1" failures="0" timestamp="2020-06-01T13:45:00 IST" time="10.952" errors="0">
  <testcase name="createproject" time="10.952" classname="homepracticetestng01062020.Createprojecttng1"/>
  <system-out/>
</testsuite> <!-- homepracticetestng01062020.Createprojecttng1 -->
