<?xml version="1.0" encoding="UTF-8"?>
<!-- Generated by org.testng.reporters.JUnitReportReporter -->
<testsuite skipped="0" hostname="DESKTOP-SU3JC61" name="MorningBatchTestNGAnnotations.CreateProject" tests="1" failures="0" timestamp="2020-04-07T20:14:31 IST" time="0.000" errors="0">
  <testcase name="testCreateProject" time="0.000" classname="MorningBatchTestNGAnnotations.CreateProject"/>
  <system-out/>
</testsuite> <!-- MorningBatchTestNGAnnotations.CreateProject -->
