<?xml version="1.0" encoding="UTF-8"?>
<!-- Generated by org.testng.reporters.JUnitReportReporter -->
<testsuite skipped="0" hostname="DESKTOP-SU3JC61" name="com.testngpractice.SecondtestNG" tests="1" failures="0" timestamp="2020-12-25T13:08:14 IST" time="0.005" errors="0">
  <testcase name="sum" time="0.005" classname="com.testngpractice.SecondtestNG"/>
  <system-out/>
</testsuite> <!-- com.testngpractice.SecondtestNG -->
