<?xml version="1.0" encoding="UTF-8"?>
<!-- Generated by org.testng.reporters.JUnitReportReporter -->
<testsuite skipped="0" hostname="DESKTOP-SU3JC61" name="homepracticetestng01062020.Loginlogouttng" tests="1" failures="0" timestamp="2020-06-01T13:01:00 IST" time="12.163" errors="0">
  <testcase name="loginlogout" time="12.163" classname="homepracticetestng01062020.Loginlogouttng"/>
  <system-out/>
</testsuite> <!-- homepracticetestng01062020.Loginlogouttng -->
