<?xml version="1.0" encoding="UTF-8"?>
<!-- Generated by org.testng.reporters.JUnitReportReporter -->
<testsuite skipped="0" hostname="DESKTOP-SU3JC61" name="homepracticetestng01062020.Hardassert1" tests="1" failures="0" timestamp="2020-06-04T19:38:33 IST" time="0.015" errors="0">
  <testcase name="hardassert" time="0.015" classname="homepracticetestng01062020.Hardassert1"/>
  <system-out/>
</testsuite> <!-- homepracticetestng01062020.Hardassert1 -->
