<?xml version="1.0" encoding="UTF-8"?>
<!-- Generated by org.testng.reporters.JUnitReportReporter -->
<testsuite skipped="0" hostname="DESKTOP-SU3JC61" name="MorningBatchBatchExecution.CreateProject" tests="1" failures="0" timestamp="2020-04-07T13:24:07 IST" time="25.195" errors="0">
  <testcase name="testCreateProject" time="25.195" classname="MorningBatchBatchExecution.CreateProject"/>
  <system-out/>
</testsuite> <!-- MorningBatchBatchExecution.CreateProject -->
