<?xml version="1.0" encoding="UTF-8"?>
<!-- Generated by org.testng.reporters.JUnitReportReporter -->
<testsuite skipped="0" hostname="DESKTOP-SU3JC61" name="com.MorningbatchTestNG.Testscript1" tests="3" failures="0" timestamp="2020-04-06T20:32:05 IST" time="0.024" errors="0">
  <testcase name="testBB" time="0.004" classname="com.MorningbatchTestNG.Testscript1"/>
  <system-out/>
  <testcase name="testAA" time="0.015" classname="com.MorningbatchTestNG.Testscript1"/>
  <system-out/>
  <testcase name="testCC" time="0.005" classname="com.MorningbatchTestNG.Testscript1"/>
  <system-out/>
</testsuite> <!-- com.MorningbatchTestNG.Testscript1 -->
