<?xml version="1.0" encoding="UTF-8"?>
<!-- Generated by org.testng.reporters.JUnitReportReporter -->
<testsuite skipped="0" hostname="DESKTOP-SU3JC61" name="com.MorningbatchTestNG.SampleTestScript" tests="1" failures="0" timestamp="2020-04-07T21:53:54 IST" time="0.016" errors="0">
  <testcase name="testSampleTestScript" time="0.016" classname="com.MorningbatchTestNG.SampleTestScript"/>
  <system-out/>
</testsuite> <!-- com.MorningbatchTestNG.SampleTestScript -->
