<?xml version="1.0" encoding="UTF-8"?>
<!-- Generated by org.testng.reporters.JUnitReportReporter -->
<testsuite skipped="0" hostname="DESKTOP-SU3JC61" name="MorningBatchCustomerCreartion.CustomerCreation" tests="1" failures="0" timestamp="2020-04-15T17:16:03 IST" time="17.952" errors="0">
  <testcase name="testCustometCreation" time="17.952" classname="MorningBatchCustomerCreartion.CustomerCreation"/>
  <system-out/>
</testsuite> <!-- MorningBatchCustomerCreartion.CustomerCreation -->
