<?xml version="1.0" encoding="UTF-8"?>
<!-- Generated by org.testng.reporters.JUnitReportReporter -->
<testsuite skipped="0" hostname="DESKTOP-SU3JC61" name="MorningBatchDataDriven.CreateProject" tests="1" failures="0" timestamp="2020-04-10T14:38:47 IST" time="54.447" errors="0">
  <testcase name="testCreateProject" time="54.447" classname="MorningBatchDataDriven.CreateProject"/>
  <system-out/>
</testsuite> <!-- MorningBatchDataDriven.CreateProject -->
