<?xml version="1.0" encoding="UTF-8"?>
<!-- Generated by org.testng.reporters.JUnitReportReporter -->
<testsuite skipped="0" hostname="DESKTOP-SU3JC61" name="com.realtimeexamples.Handlewebtable" tests="1" failures="0" timestamp="2020-08-27T13:33:33 IST" time="50.939" errors="0">
  <testcase name="handlewebtable" time="50.939" classname="com.realtimeexamples.Handlewebtable"/>
  <system-out/>
</testsuite> <!-- com.realtimeexamples.Handlewebtable -->
