<?xml version="1.0" encoding="UTF-8"?>
<!-- Generated by org.testng.reporters.JUnitReportReporter -->
<testsuite skipped="0" hostname="DESKTOP-SU3JC61" name="com.MorningbatchTestNG.Testscript01" tests="3" failures="0" timestamp="2020-04-06T20:32:24 IST" time="0.020" errors="0">
  <testcase name="testCC" time="0.016" classname="com.MorningbatchTestNG.Testscript01"/>
  <system-out/>
  <testcase name="testBB" time="0.002" classname="com.MorningbatchTestNG.Testscript01"/>
  <system-out/>
  <testcase name="testAA" time="0.002" classname="com.MorningbatchTestNG.Testscript01"/>
  <system-out/>
</testsuite> <!-- com.MorningbatchTestNG.Testscript01 -->
