<?xml version="1.0" encoding="UTF-8"?>
<!-- Generated by org.testng.reporters.JUnitReportReporter -->
<testsuite skipped="0" hostname="DESKTOP-SU3JC61" name="MorningBatchDataDriven.CreateCustomer" tests="1" failures="0" timestamp="2020-04-12T16:00:14 IST" time="48.018" errors="0">
  <testcase name="testCreateCustomer" time="48.018" classname="MorningBatchDataDriven.CreateCustomer"/>
  <system-out/>
</testsuite> <!-- MorningBatchDataDriven.CreateCustomer -->
