<?xml version="1.0" encoding="UTF-8"?>
<!-- Generated by org.testng.reporters.JUnitReportReporter -->
<testsuite skipped="0" hostname="DESKTOP-SU3JC61" name="MorningBatchTestNGAnnotations.CreateCustomer" tests="1" failures="0" timestamp="2020-04-07T20:14:31 IST" time="0.015" errors="0">
  <testcase name="testCreateCustomer" time="0.015" classname="MorningBatchTestNGAnnotations.CreateCustomer"/>
  <system-out/>
</testsuite> <!-- MorningBatchTestNGAnnotations.CreateCustomer -->
