<?xml version="1.0" encoding="UTF-8"?>
<!-- Generated by org.testng.reporters.JUnitReportReporter -->
<testsuite skipped="0" hostname="DESKTOP-SU3JC61" name="homepracticetestng01062020.Sample1" tests="1" failures="0" timestamp="2020-06-01T12:02:42 IST" time="0.011" errors="0">
  <testcase name="testing" time="0.011" classname="homepracticetestng01062020.Sample1"/>
  <system-out/>
</testsuite> <!-- homepracticetestng01062020.Sample1 -->
